<?xml version="1.0" encoding="utf-8"?><testsuites name="pytest tests"><testsuite name="pytest" errors="0" failures="0" skipped="0" tests="15" time="10.367" timestamp="2026-02-18T12:01:19.991749+00:00" hostname="agent-env-82783f29-3897-4b8e-b0de-a40e03909b18"><testcase classname="tests.test_work_photos_location.TestWorkPhotosAPI" name="test_upload_before_photo" time="0.566" /><testcase classname="tests.test_work_photos_location.TestWorkPhotosAPI" name="test_upload_after_photo" time="0.423" /><testcase classname="tests.test_work_photos_location.TestWorkPhotosAPI" name="test_upload_photo_invalid_type" time="0.565" /><testcase classname="tests.test_work_photos_location.TestWorkPhotosAPI" name="test_upload_photo_invalid_booking" time="0.396" /><testcase classname="tests.test_work_photos_location.TestWorkPhotosAPI" name="test_get_work_photos" time="0.443" /><testcase classname="tests.test_work_photos_location.TestWorkPhotosAPI" name="test_get_photos_empty_booking" time="0.410" /><testcase classname="tests.test_work_photos_location.TestLocationTrackingAPI" name="test_update_location_on_the_way" time="0.442" /><testcase classname="tests.test_work_photos_location.TestLocationTrackingAPI" name="test_update_location_arrived" time="0.423" /><testcase classname="tests.test_work_photos_location.TestLocationTrackingAPI" name="test_update_location_in_progress" time="0.433" /><testcase classname="tests.test_work_photos_location.TestLocationTrackingAPI" name="test_update_location_completed" time="0.421" /><testcase classname="tests.test_work_photos_location.TestLocationTrackingAPI" name="test_get_location" time="0.390" /><testcase classname="tests.test_work_photos_location.TestLocationTrackingAPI" name="test_get_location_not_started" time="0.414" /><testcase classname="tests.test_work_photos_location.TestLocationTrackingAPI" name="test_update_location_invalid_booking" time="0.429" /><testcase classname="tests.test_work_photos_location.TestAdminBookingsWithNewFeatures" name="test_admin_bookings_have_id" time="1.031" /><testcase classname="tests.test_work_photos_location.TestIntegrationWorkflow" name="test_full_workflow" time="3.516" /></testsuite></testsuites>