<?xml version="1.0" encoding="utf-8"?><testsuites name="pytest tests"><testsuite name="pytest" errors="0" failures="1" skipped="0" tests="13" time="6.732" timestamp="2026-02-21T11:09:54.394973+00:00" hostname="agent-env-66b68d88-ff8a-463f-8c39-4e8be418ee51"><testcase classname="tests.test_new_features_v5.TestAdminLogin" name="test_admin_login_success" time="0.492" /><testcase classname="tests.test_new_features_v5.TestAdminLogin" name="test_admin_login_invalid_credentials" time="0.328" /><testcase classname="tests.test_new_features_v5.TestAdminPasswordChange" name="test_password_change_wrong_current_password" time="0.752" /><testcase classname="tests.test_new_features_v5.TestAdminPasswordChange" name="test_password_change_success" time="1.982" /><testcase classname="tests.test_new_features_v5.TestCustomerRegistrationAndLogin" name="test_customer_registration" time="0.112" /><testcase classname="tests.test_new_features_v5.TestCustomerRegistrationAndLogin" name="test_customer_login_success" time="0.222" /><testcase classname="tests.test_new_features_v5.TestCustomerRegistrationAndLogin" name="test_customer_login_not_registered" time="0.102" /><testcase classname="tests.test_new_features_v5.TestBookingWithPhotos" name="test_booking_creation_with_photos" time="0.407"><failure message="AssertionError: Booking creation failed: {&quot;detail&quot;:&quot;Randevu oluşturmak için önce kayıt olmanız gerekiyor&quot;}&#10;assert 400 == 200&#10; +  where 400 = &lt;Response [400]&gt;.status_code">tests/test_new_features_v5.py:218: in test_booking_creation_with_photos
    assert response.status_code == 200, f"Booking creation failed: {response.text}"
E   AssertionError: Booking creation failed: {"detail":"Randevu oluşturmak için önce kayıt olmanız gerekiyor"}
E   assert 400 == 200
E    +  where 400 = &lt;Response [400]&gt;.status_code</failure></testcase><testcase classname="tests.test_new_features_v5.TestAdminViewCustomerPhotos" name="test_admin_get_bookings_with_photos" time="0.391" /><testcase classname="tests.test_new_features_v5.TestAdminStats" name="test_admin_stats" time="0.493" /><testcase classname="tests.test_new_features_v5.TestAdminServices" name="test_admin_get_services" time="0.471" /><testcase classname="tests.test_new_features_v5.TestAdminSettings" name="test_get_settings" time="0.419" /><testcase classname="tests.test_new_features_v5.TestAdminSettings" name="test_update_friday_discount" time="0.425" /></testsuite></testsuites>