<?xml version="1.0" encoding="utf-8"?><testsuites name="pytest tests"><testsuite name="pytest" errors="0" failures="0" skipped="0" tests="16" time="20.019" timestamp="2026-02-18T11:40:28.683083+00:00" hostname="agent-env-82783f29-3897-4b8e-b0de-a40e03909b18"><testcase classname="backend.tests.test_new_features.TestReviewsAPI" name="test_get_review_stats" time="0.608" /><testcase classname="backend.tests.test_new_features.TestReviewsAPI" name="test_get_reviews_list" time="0.549" /><testcase classname="backend.tests.test_new_features.TestReviewsAPI" name="test_create_review_invalid_booking" time="0.402" /><testcase classname="backend.tests.test_new_features.TestReviewsAPI" name="test_create_review_nonexistent_booking" time="0.410" /><testcase classname="backend.tests.test_new_features.TestReferralSystem" name="test_referral_code_generation" time="0.830" /><testcase classname="backend.tests.test_new_features.TestReferralSystem" name="test_use_invalid_referral_code" time="2.311" /><testcase classname="backend.tests.test_new_features.TestReferralSystem" name="test_use_own_referral_code" time="2.082" /><testcase classname="backend.tests.test_new_features.TestLoyaltyPoints" name="test_customer_has_loyalty_points_field" time="0.419" /><testcase classname="backend.tests.test_new_features.TestBookingWithLoyalty" name="test_booking_adds_loyalty_points" time="2.987" /><testcase classname="backend.tests.test_new_features.TestAdminBookingManagement" name="test_get_admin_bookings" time="1.038" /><testcase classname="backend.tests.test_new_features.TestAdminBookingManagement" name="test_update_booking_status_to_confirmed" time="1.454" /><testcase classname="backend.tests.test_new_features.TestAdminBookingManagement" name="test_update_booking_status_to_completed" time="1.425" /><testcase classname="backend.tests.test_new_features.TestReviewAfterCompletion" name="test_cannot_review_pending_booking" time="1.454" /><testcase classname="backend.tests.test_new_features.TestReviewAfterCompletion" name="test_review_completed_booking" time="1.863" /><testcase classname="backend.tests.test_new_features.TestAdminStats" name="test_get_admin_stats" time="1.059" /><testcase classname="backend.tests.test_new_features.TestAdminStats" name="test_get_admin_reviews" time="1.057" /></testsuite></testsuites>