<?xml version="1.0" encoding="utf-8"?><testsuites name="pytest tests"><testsuite name="pytest" errors="0" failures="0" skipped="0" tests="19" time="16.338" timestamp="2026-02-18T11:22:23.132312+00:00" hostname="agent-env-82783f29-3897-4b8e-b0de-a40e03909b18"><testcase classname="backend.tests.test_api.TestHealthAndInit" name="test_services_endpoint" time="0.921" /><testcase classname="backend.tests.test_api.TestHealthAndInit" name="test_admin_init" time="0.529" /><testcase classname="backend.tests.test_api.TestCustomerAuth" name="test_customer_register_success" time="0.430" /><testcase classname="backend.tests.test_api.TestCustomerAuth" name="test_customer_register_duplicate_phone" time="0.436" /><testcase classname="backend.tests.test_api.TestCustomerAuth" name="test_customer_login_success" time="0.406" /><testcase classname="backend.tests.test_api.TestCustomerAuth" name="test_customer_login_unregistered" time="0.442" /><testcase classname="backend.tests.test_api.TestAddressUpdate" name="test_update_address" time="0.878" /><testcase classname="backend.tests.test_api.TestAddressUpdate" name="test_update_address_nonexistent_customer" time="0.412" /><testcase classname="backend.tests.test_api.TestAdminAuth" name="test_admin_login_success" time="0.634" /><testcase classname="backend.tests.test_api.TestAdminAuth" name="test_admin_login_invalid" time="0.671" /><testcase classname="backend.tests.test_api.TestAdminServices" name="test_get_admin_services" time="1.371" /><testcase classname="backend.tests.test_api.TestAdminServices" name="test_create_service" time="1.041" /><testcase classname="backend.tests.test_api.TestAdminServices" name="test_update_service" time="1.433" /><testcase classname="backend.tests.test_api.TestAdminServices" name="test_delete_service" time="1.485" /><testcase classname="backend.tests.test_api.TestAvailability" name="test_get_availability" time="0.421" /><testcase classname="backend.tests.test_api.TestAvailability" name="test_set_availability" time="1.040" /><testcase classname="backend.tests.test_api.TestBooking" name="test_create_booking" time="2.167" /><testcase classname="backend.tests.test_api.TestBooking" name="test_check_bookings" time="0.404" /><testcase classname="backend.tests.test_api.TestPaymentMethod" name="test_booking_only_cash_payment" time="1.097" /></testsuite></testsuites>