<?xml version="1.0" encoding="utf-8"?><testsuites name="pytest tests"><testsuite name="pytest" errors="0" failures="0" skipped="0" tests="13" time="6.471" timestamp="2026-02-21T11:10:28.140800+00:00" hostname="agent-env-66b68d88-ff8a-463f-8c39-4e8be418ee51"><testcase classname="tests.test_new_features_v5.TestAdminLogin" name="test_admin_login_success" time="0.383" /><testcase classname="tests.test_new_features_v5.TestAdminLogin" name="test_admin_login_invalid_credentials" time="0.342" /><testcase classname="tests.test_new_features_v5.TestAdminPasswordChange" name="test_password_change_wrong_current_password" time="0.717" /><testcase classname="tests.test_new_features_v5.TestAdminPasswordChange" name="test_password_change_success" time="1.838" /><testcase classname="tests.test_new_features_v5.TestCustomerRegistrationAndLogin" name="test_customer_registration" time="0.104" /><testcase classname="tests.test_new_features_v5.TestCustomerRegistrationAndLogin" name="test_customer_login_success" time="0.226" /><testcase classname="tests.test_new_features_v5.TestCustomerRegistrationAndLogin" name="test_customer_login_not_registered" time="0.105" /><testcase classname="tests.test_new_features_v5.TestBookingWithPhotos" name="test_booking_creation_with_photos" time="0.433" /><testcase classname="tests.test_new_features_v5.TestAdminViewCustomerPhotos" name="test_admin_get_bookings_with_photos" time="0.482" /><testcase classname="tests.test_new_features_v5.TestAdminStats" name="test_admin_stats" time="0.393" /><testcase classname="tests.test_new_features_v5.TestAdminServices" name="test_admin_get_services" time="0.523" /><testcase classname="tests.test_new_features_v5.TestAdminSettings" name="test_get_settings" time="0.442" /><testcase classname="tests.test_new_features_v5.TestAdminSettings" name="test_update_friday_discount" time="0.427" /></testsuite></testsuites>